Warning: You are sending unauthenticated requests to the HF Hub. Please set a HF_TOKEN to enable higher rate limits and faster downloads.
Loading weights:   0%|          | 0/338 [00:00<?, ?it/s]Loading weights:  36%|███▋      | 123/338 [00:00<00:00, 1197.80it/s]Loading weights:  83%|████████▎ | 281/338 [00:00<00:00, 1382.10it/s]Loading weights: 100%|██████████| 338/338 [00:00<00:00, 1446.60it/s]
=== PREFILL batch=1 ===
  b=1 S=    1 |        83 tok/s |  100.1 W | clk 2813 MHz | util  89%
  b=1 S=    2 |       170 tok/s |   82.9 W | clk 2828 MHz | util  88%
  b=1 S=    4 |       337 tok/s |   83.7 W | clk 2817 MHz | util  61%
  b=1 S=    8 |       671 tok/s |   85.7 W | clk 2816 MHz | util  87%
  b=1 S=   16 |      1340 tok/s |   90.5 W | clk 2815 MHz | util  84%
  b=1 S=   32 |      2559 tok/s |  101.0 W | clk 2812 MHz | util  88%
  b=1 S=   48 |      3747 tok/s |  108.3 W | clk 2807 MHz | util  88%
  b=1 S=   64 |      5012 tok/s |  113.6 W | clk 2799 MHz | util  60%
  b=1 S=   96 |      6435 tok/s |  128.5 W | clk 2768 MHz | util  90%
  b=1 S=  128 |      8349 tok/s |  133.8 W | clk 2739 MHz | util  91%
  b=1 S=  192 |      9435 tok/s |  134.8 W | clk 2701 MHz | util  83%
  b=1 S=  256 |      9985 tok/s |  134.4 W | clk 2695 MHz | util  94%
  b=1 S=  384 |     10731 tok/s |  134.0 W | clk 2686 MHz | util  64%
  b=1 S=  512 |     11079 tok/s |  133.3 W | clk 2678 MHz | util  97%
  b=1 S=  768 |     11404 tok/s |  135.2 W | clk 2668 MHz | util  98%
  b=1 S= 1024 |     11487 tok/s |  136.4 W | clk 2662 MHz | util  98%
  b=1 S= 1536 |     11431 tok/s |  135.5 W | clk 2669 MHz | util  99%
  b=1 S= 2048 |     11340 tok/s |  135.9 W | clk 2674 MHz | util 100%
  b=1 S= 3072 |     10897 tok/s |  135.0 W | clk 2698 MHz | util  86%
  b=1 S= 4096 |     10528 tok/s |  133.8 W | clk 2712 MHz | util  99%
=== PREFILL batch=8 ===
  b=8 S=    1 |       680 tok/s |   87.3 W | clk 2813 MHz | util  57%
  b=8 S=    2 |      1310 tok/s |   90.4 W | clk 2813 MHz | util  88%
  b=8 S=    4 |      2514 tok/s |  100.6 W | clk 2801 MHz | util  88%
  b=8 S=    8 |      4917 tok/s |  113.4 W | clk 2793 MHz | util  68%
  b=8 S=   16 |      8217 tok/s |  130.9 W | clk 2749 MHz | util  92%
  b=8 S=   32 |      9952 tok/s |  135.1 W | clk 2702 MHz | util  63%
  b=8 S=   48 |     10867 tok/s |  134.7 W | clk 2670 MHz | util  96%
  b=8 S=   64 |     11255 tok/s |  134.8 W | clk 2654 MHz | util  97%
  b=8 S=   96 |     11649 tok/s |  135.1 W | clk 2651 MHz | util  80%
  b=8 S=  128 |     11820 tok/s |  134.9 W | clk 2653 MHz | util  98%
  b=8 S=  192 |     11805 tok/s |  134.4 W | clk 2667 MHz | util  68%
  b=8 S=  256 |     11960 tok/s |  134.4 W | clk 2663 MHz | util  99%
  b=8 S=  384 |     11666 tok/s |  134.8 W | clk 2672 MHz | util  69%
  b=8 S=  512 |     11447 tok/s |  135.9 W | clk 2670 MHz | util 100%
  b=8 S=  768 |     11195 tok/s |  135.7 W | clk 2647 MHz | util 100%
  b=8 S= 1024 |     11054 tok/s |  135.6 W | clk 2651 MHz | util 100%
  b=8 S= 1536 |     10919 tok/s |  136.5 W | clk 2640 MHz | util 100%
  b=8 S= 2048 |     10839 tok/s |  133.8 W | clk 2672 MHz | util  67%
  b=8 S= 3072 |     10574 tok/s |  138.3 W | clk 2659 MHz | util 100%
  b=8 S= 4096 |     10299 tok/s |  135.2 W | clk 2663 MHz | util  80%
wrote results_prefill_curve.csv
